\BOOKMARK [0][-]{section*.2}{D\351dicace}{}% 1
\BOOKMARK [0][-]{section*.4}{Remerciement}{}% 2
\BOOKMARK [0][-]{section*.6}{R\351sum\351}{}% 3
\BOOKMARK [0][-]{section*.8}{Abstract}{}% 4
\BOOKMARK [0][-]{section*.10}{Abstract}{}% 5
\BOOKMARK [0][-]{section*.13}{Introduction g\351n\351rale}{}% 6
\BOOKMARK [0][-]{chapter.1}{Contexte g\351n\351ral du projet}{}% 7
\BOOKMARK [1][-]{section.1.1}{Pr\351sentation de l'organisme d'accueil}{chapter.1}% 8
\BOOKMARK [1][-]{section.1.2}{Pr\351sentation du projet}{chapter.1}% 9
\BOOKMARK [1][-]{section.1.3}{Cahier des charges}{chapter.1}% 10
\BOOKMARK [1][-]{section.1.4}{M\351thode de travail}{chapter.1}% 11
\BOOKMARK [1][-]{section.1.5}{Planification du projet}{chapter.1}% 12
\BOOKMARK [1][-]{section.1.6}{Conclusion}{chapter.1}% 13
\BOOKMARK [0][-]{chapter.2}{Environnement du projet}{}% 14
\BOOKMARK [1][-]{section.2.1}{Environnement mat\351riel : Harware in Loop}{chapter.2}% 15
\BOOKMARK [2][-]{subsection.2.1.1}{Partie LV-Rack}{section.2.1}% 16
\BOOKMARK [2][-]{subsection.2.1.2}{HV-Rack}{section.2.1}% 17
\BOOKMARK [2][-]{subsection.2.1.3}{Banc de test}{section.2.1}% 18
\BOOKMARK [2][-]{subsection.2.1.4}{Partie logique du HiL}{section.2.1}% 19
\BOOKMARK [1][-]{section.2.2}{Environnement Logiciel}{chapter.2}% 20
\BOOKMARK [2][-]{subsection.2.2.1}{Rational DOORS}{section.2.2}% 21
\BOOKMARK [2][-]{subsection.2.2.2}{CANoe}{section.2.2}% 22
\BOOKMARK [2][-]{subsection.2.2.3}{ASAP2}{section.2.2}% 23
\BOOKMARK [2][-]{subsection.2.2.4}{EXAM}{section.2.2}% 24
\BOOKMARK [3][-]{subsubsection.2.2.4.1}{Processus de test EXAM}{subsection.2.2.4}% 25
\BOOKMARK [0][-]{chapter.3}{Description d\351taill\351e du projet}{}% 26
\BOOKMARK [1][-]{section.3.1}{Syst\350me de recharge automatique sans fil AWC}{chapter.3}% 27
\BOOKMARK [1][-]{section.3.2}{Fonction S\351curit\351}{chapter.3}% 28
\BOOKMARK [2][-]{subsection.3.2.1}{Couche de s\351curit\351}{section.3.2}% 29
\BOOKMARK [2][-]{subsection.3.2.2}{Couche s\351curit\351 niveau deux}{section.3.2}% 30
\BOOKMARK [3][-]{subsubsection.3.2.2.1}{Protocole PIN/PUK}{subsection.3.2.2}% 31
\BOOKMARK [3][-]{subsubsection.3.2.2.2}{Protocole d'appariement}{subsection.3.2.2}% 32
